14:51:25.287 [main] INFO  o.e.d.s.Application - [logStarting,50] - Starting Application on LAPTOP-943F3L3A with PID 7044 (D:\WorkSpace\Hive_Server\dc_srv\target\classes started by 77923 in D:\WorkSpace\Hive_Server)
14:51:25.291 [main] INFO  o.e.d.s.Application - [logStartupProfileInfo,666] - The following profiles are active: test
14:51:25.330 [main] INFO  o.s.b.w.s.c.AnnotationConfigServletWebServerApplicationContext - [prepareRefresh,590] - Refreshing org.springframework.boot.web.servlet.context.AnnotationConfigServletWebServerApplicationContext@bd4dc25: startup date [Fri Aug 28 14:51:25 CST 2020]; root of context hierarchy
14:51:25.989 [main] INFO  o.s.b.f.a.AutowiredAnnotationBeanPostProcessor - [<init>,153] - JSR-330 'javax.inject.Inject' annotation found and supported for autowiring
14:51:26.329 [main] INFO  o.s.b.w.e.t.TomcatWebServer - [initialize,91] - Tomcat initialized with port(s): 8080 (http)
14:51:26.339 [main] INFO  o.a.c.h.Http11NioProtocol - [log,180] - Initializing ProtocolHandler ["http-nio-8080"]
14:51:26.347 [main] INFO  o.a.c.c.StandardService - [log,180] - Starting service [Tomcat]
14:51:26.347 [main] INFO  o.a.c.c.StandardEngine - [log,180] - Starting Servlet Engine: Apache Tomcat/8.5.32
14:51:26.492 [localhost-startStop-1] INFO  o.a.c.c.C.[.[.[/] - [log,180] - Initializing Spring embedded WebApplicationContext
14:51:26.492 [localhost-startStop-1] INFO  o.s.w.c.ContextLoader - [prepareWebApplicationContext,285] - Root WebApplicationContext: initialization completed in 1162 ms
14:51:26.571 [localhost-startStop-1] INFO  o.s.b.w.s.ServletRegistrationBean - [addRegistration,187] - Servlet dispatcherServlet mapped to [/]
14:51:26.575 [localhost-startStop-1] INFO  o.s.b.w.s.FilterRegistrationBean - [configure,245] - Mapping filter: 'characterEncodingFilter' to: [/*]
14:51:26.576 [localhost-startStop-1] INFO  o.s.b.w.s.FilterRegistrationBean - [configure,245] - Mapping filter: 'hiddenHttpMethodFilter' to: [/*]
14:51:26.576 [localhost-startStop-1] INFO  o.s.b.w.s.FilterRegistrationBean - [configure,245] - Mapping filter: 'httpPutFormContentFilter' to: [/*]
14:51:26.576 [localhost-startStop-1] INFO  o.s.b.w.s.FilterRegistrationBean - [configure,245] - Mapping filter: 'requestContextFilter' to: [/*]
14:51:26.652 [main] INFO  o.q.i.StdSchedulerFactory - [instantiate,1184] - Using default implementation for ThreadExecutor
14:51:26.660 [main] INFO  o.q.c.SchedulerSignalerImpl - [<init>,61] - Initialized Scheduler Signaller of type: class org.quartz.core.SchedulerSignalerImpl
14:51:26.661 [main] INFO  o.q.c.QuartzScheduler - [<init>,240] - Quartz Scheduler v.2.2.1 created.
14:51:26.662 [main] INFO  o.q.s.RAMJobStore - [initialize,155] - RAMJobStore initialized.
14:51:26.662 [main] INFO  o.q.c.QuartzScheduler - [initialize,305] - Scheduler meta-data: Quartz Scheduler (v2.2.1) 'schedulerFactoryBean' with instanceId 'NON_CLUSTERED'
  Scheduler class: 'org.quartz.core.QuartzScheduler' - running locally.
  NOT STARTED.
  Currently in standby mode.
  Number of jobs executed: 0
  Using thread pool 'org.quartz.simpl.SimpleThreadPool' - with 10 threads.
  Using job-store 'org.quartz.simpl.RAMJobStore' - which does not support persistence. and is not clustered.

14:51:26.662 [main] INFO  o.q.i.StdSchedulerFactory - [instantiate,1339] - Quartz scheduler 'schedulerFactoryBean' initialized from an externally provided properties instance.
14:51:26.662 [main] INFO  o.q.i.StdSchedulerFactory - [instantiate,1343] - Quartz scheduler version: 2.2.1
14:51:26.663 [main] INFO  o.q.c.QuartzScheduler - [setJobFactory,2311] - JobFactory set to: org.springframework.scheduling.quartz.AdaptableJobFactory@6a9287b1
14:51:26.759 [main] INFO  o.s.w.s.h.SimpleUrlHandlerMapping - [registerHandler,373] - Mapped URL path [/**/favicon.ico] onto handler of type [class org.springframework.web.servlet.resource.ResourceHttpRequestHandler]
14:51:26.907 [main] INFO  o.s.w.s.m.m.a.RequestMappingHandlerAdapter - [initControllerAdviceCache,574] - Looking for @ControllerAdvice: org.springframework.boot.web.servlet.context.AnnotationConfigServletWebServerApplicationContext@bd4dc25: startup date [Fri Aug 28 14:51:25 CST 2020]; root of context hierarchy
14:51:26.961 [main] INFO  o.s.w.s.m.m.a.RequestMappingHandlerMapping - [register,547] - Mapped "{[/queryToJson]}" onto public java.util.Map org.example.dc.srv.controller.ServiceController.queryToJson(javax.servlet.http.HttpServletRequest)
14:51:26.962 [main] INFO  o.s.w.s.m.m.a.RequestMappingHandlerMapping - [register,547] - Mapped "{[/queryToExcel]}" onto public java.util.Map org.example.dc.srv.controller.ServiceController.queryToExcel(javax.servlet.http.HttpServletRequest)
14:51:26.962 [main] INFO  o.s.w.s.m.m.a.RequestMappingHandlerMapping - [register,547] - Mapped "{[/queryAndSendMail]}" onto public java.util.Map org.example.dc.srv.controller.ServiceController.queryAndSendMail(javax.servlet.http.HttpServletRequest)
14:51:26.963 [main] INFO  o.s.w.s.m.m.a.RequestMappingHandlerMapping - [register,547] - Mapped "{[/queryTableSize]}" onto public void org.example.dc.srv.controller.ServiceController.queryTableSize()
14:51:26.965 [main] INFO  o.s.w.s.m.m.a.RequestMappingHandlerMapping - [register,547] - Mapped "{[/error]}" onto public org.springframework.http.ResponseEntity<java.util.Map<java.lang.String, java.lang.Object>> org.springframework.boot.autoconfigure.web.servlet.error.BasicErrorController.error(javax.servlet.http.HttpServletRequest)
14:51:26.965 [main] INFO  o.s.w.s.m.m.a.RequestMappingHandlerMapping - [register,547] - Mapped "{[/error],produces=[text/html]}" onto public org.springframework.web.servlet.ModelAndView org.springframework.boot.autoconfigure.web.servlet.error.BasicErrorController.errorHtml(javax.servlet.http.HttpServletRequest,javax.servlet.http.HttpServletResponse)
14:51:26.989 [main] INFO  o.s.w.s.h.SimpleUrlHandlerMapping - [registerHandler,373] - Mapped URL path [/webjars/**] onto handler of type [class org.springframework.web.servlet.resource.ResourceHttpRequestHandler]
14:51:26.990 [main] INFO  o.s.w.s.h.SimpleUrlHandlerMapping - [registerHandler,373] - Mapped URL path [/**] onto handler of type [class org.springframework.web.servlet.resource.ResourceHttpRequestHandler]
14:51:27.191 [main] INFO  o.s.j.e.a.AnnotationMBeanExporter - [afterSingletonsInstantiated,433] - Registering beans for JMX exposure on startup
14:51:27.197 [main] INFO  o.s.c.s.DefaultLifecycleProcessor - [start,351] - Starting beans in phase 2147483647
14:51:27.197 [main] INFO  o.s.s.q.SchedulerFactoryBean - [startScheduler,700] - Starting Quartz Scheduler now
14:51:27.197 [main] INFO  o.q.c.QuartzScheduler - [start,575] - Scheduler schedulerFactoryBean_$_NON_CLUSTERED started.
14:51:27.202 [main] INFO  o.s.s.a.ScheduledAnnotationBeanPostProcessor - [finishRegistration,275] - No TaskScheduler/ScheduledExecutorService bean found for scheduled processing
14:51:27.208 [main] INFO  o.a.c.h.Http11NioProtocol - [log,180] - Starting ProtocolHandler ["http-nio-8080"]
14:51:27.215 [main] INFO  o.a.t.u.n.NioSelectorPool - [log,180] - Using a shared selector for servlet write/read
14:51:27.227 [main] INFO  o.s.b.w.e.t.TomcatWebServer - [start,206] - Tomcat started on port(s): 8080 (http) with context path ''
14:51:27.230 [main] INFO  o.e.d.s.Application - [logStarted,59] - Started Application in 2.313 seconds (JVM running for 3.746)
14:52:14.757 [main] INFO  o.e.d.s.Application - [logStarting,50] - Starting Application on LAPTOP-943F3L3A with PID 8000 (D:\WorkSpace\Hive_Server\dc_srv\target\classes started by 77923 in D:\WorkSpace\Hive_Server)
14:52:14.761 [main] INFO  o.e.d.s.Application - [logStartupProfileInfo,666] - The following profiles are active: test
14:52:14.807 [main] INFO  o.s.b.w.s.c.AnnotationConfigServletWebServerApplicationContext - [prepareRefresh,590] - Refreshing org.springframework.boot.web.servlet.context.AnnotationConfigServletWebServerApplicationContext@25084a1e: startup date [Fri Aug 28 14:52:14 CST 2020]; root of context hierarchy
14:52:15.489 [main] INFO  o.s.b.f.a.AutowiredAnnotationBeanPostProcessor - [<init>,153] - JSR-330 'javax.inject.Inject' annotation found and supported for autowiring
14:52:15.818 [main] INFO  o.s.b.w.e.t.TomcatWebServer - [initialize,91] - Tomcat initialized with port(s): 8080 (http)
14:52:15.828 [main] INFO  o.a.c.h.Http11NioProtocol - [log,180] - Initializing ProtocolHandler ["http-nio-8080"]
14:52:15.836 [main] INFO  o.a.c.c.StandardService - [log,180] - Starting service [Tomcat]
14:52:15.836 [main] INFO  o.a.c.c.StandardEngine - [log,180] - Starting Servlet Engine: Apache Tomcat/8.5.32
14:52:15.975 [localhost-startStop-1] INFO  o.a.c.c.C.[.[.[/] - [log,180] - Initializing Spring embedded WebApplicationContext
14:52:15.976 [localhost-startStop-1] INFO  o.s.w.c.ContextLoader - [prepareWebApplicationContext,285] - Root WebApplicationContext: initialization completed in 1168 ms
14:52:16.053 [localhost-startStop-1] INFO  o.s.b.w.s.ServletRegistrationBean - [addRegistration,187] - Servlet dispatcherServlet mapped to [/]
14:52:16.057 [localhost-startStop-1] INFO  o.s.b.w.s.FilterRegistrationBean - [configure,245] - Mapping filter: 'characterEncodingFilter' to: [/*]
14:52:16.057 [localhost-startStop-1] INFO  o.s.b.w.s.FilterRegistrationBean - [configure,245] - Mapping filter: 'hiddenHttpMethodFilter' to: [/*]
14:52:16.057 [localhost-startStop-1] INFO  o.s.b.w.s.FilterRegistrationBean - [configure,245] - Mapping filter: 'httpPutFormContentFilter' to: [/*]
14:52:16.057 [localhost-startStop-1] INFO  o.s.b.w.s.FilterRegistrationBean - [configure,245] - Mapping filter: 'requestContextFilter' to: [/*]
14:52:16.130 [main] INFO  o.q.i.StdSchedulerFactory - [instantiate,1184] - Using default implementation for ThreadExecutor
14:52:16.137 [main] INFO  o.q.c.SchedulerSignalerImpl - [<init>,61] - Initialized Scheduler Signaller of type: class org.quartz.core.SchedulerSignalerImpl
14:52:16.138 [main] INFO  o.q.c.QuartzScheduler - [<init>,240] - Quartz Scheduler v.2.2.1 created.
14:52:16.139 [main] INFO  o.q.s.RAMJobStore - [initialize,155] - RAMJobStore initialized.
14:52:16.139 [main] INFO  o.q.c.QuartzScheduler - [initialize,305] - Scheduler meta-data: Quartz Scheduler (v2.2.1) 'schedulerFactoryBean' with instanceId 'NON_CLUSTERED'
  Scheduler class: 'org.quartz.core.QuartzScheduler' - running locally.
  NOT STARTED.
  Currently in standby mode.
  Number of jobs executed: 0
  Using thread pool 'org.quartz.simpl.SimpleThreadPool' - with 10 threads.
  Using job-store 'org.quartz.simpl.RAMJobStore' - which does not support persistence. and is not clustered.

14:52:16.139 [main] INFO  o.q.i.StdSchedulerFactory - [instantiate,1339] - Quartz scheduler 'schedulerFactoryBean' initialized from an externally provided properties instance.
14:52:16.139 [main] INFO  o.q.i.StdSchedulerFactory - [instantiate,1343] - Quartz scheduler version: 2.2.1
14:52:16.140 [main] INFO  o.q.c.QuartzScheduler - [setJobFactory,2311] - JobFactory set to: org.springframework.scheduling.quartz.AdaptableJobFactory@36453307
14:52:16.229 [main] INFO  o.s.w.s.h.SimpleUrlHandlerMapping - [registerHandler,373] - Mapped URL path [/**/favicon.ico] onto handler of type [class org.springframework.web.servlet.resource.ResourceHttpRequestHandler]
14:52:16.373 [main] INFO  o.s.w.s.m.m.a.RequestMappingHandlerAdapter - [initControllerAdviceCache,574] - Looking for @ControllerAdvice: org.springframework.boot.web.servlet.context.AnnotationConfigServletWebServerApplicationContext@25084a1e: startup date [Fri Aug 28 14:52:14 CST 2020]; root of context hierarchy
14:52:16.422 [main] INFO  o.s.w.s.m.m.a.RequestMappingHandlerMapping - [register,547] - Mapped "{[/queryToExcel]}" onto public java.util.Map org.example.dc.srv.controller.ServiceController.queryToExcel(javax.servlet.http.HttpServletRequest)
14:52:16.422 [main] INFO  o.s.w.s.m.m.a.RequestMappingHandlerMapping - [register,547] - Mapped "{[/queryTableSize]}" onto public void org.example.dc.srv.controller.ServiceController.queryTableSize()
14:52:16.423 [main] INFO  o.s.w.s.m.m.a.RequestMappingHandlerMapping - [register,547] - Mapped "{[/queryToJson]}" onto public java.util.Map org.example.dc.srv.controller.ServiceController.queryToJson(javax.servlet.http.HttpServletRequest)
14:52:16.423 [main] INFO  o.s.w.s.m.m.a.RequestMappingHandlerMapping - [register,547] - Mapped "{[/queryAndSendMail]}" onto public java.util.Map org.example.dc.srv.controller.ServiceController.queryAndSendMail(javax.servlet.http.HttpServletRequest)
14:52:16.425 [main] INFO  o.s.w.s.m.m.a.RequestMappingHandlerMapping - [register,547] - Mapped "{[/error]}" onto public org.springframework.http.ResponseEntity<java.util.Map<java.lang.String, java.lang.Object>> org.springframework.boot.autoconfigure.web.servlet.error.BasicErrorController.error(javax.servlet.http.HttpServletRequest)
14:52:16.425 [main] INFO  o.s.w.s.m.m.a.RequestMappingHandlerMapping - [register,547] - Mapped "{[/error],produces=[text/html]}" onto public org.springframework.web.servlet.ModelAndView org.springframework.boot.autoconfigure.web.servlet.error.BasicErrorController.errorHtml(javax.servlet.http.HttpServletRequest,javax.servlet.http.HttpServletResponse)
14:52:16.448 [main] INFO  o.s.w.s.h.SimpleUrlHandlerMapping - [registerHandler,373] - Mapped URL path [/webjars/**] onto handler of type [class org.springframework.web.servlet.resource.ResourceHttpRequestHandler]
14:52:16.449 [main] INFO  o.s.w.s.h.SimpleUrlHandlerMapping - [registerHandler,373] - Mapped URL path [/**] onto handler of type [class org.springframework.web.servlet.resource.ResourceHttpRequestHandler]
14:52:16.647 [main] INFO  o.s.j.e.a.AnnotationMBeanExporter - [afterSingletonsInstantiated,433] - Registering beans for JMX exposure on startup
14:52:16.652 [main] INFO  o.s.c.s.DefaultLifecycleProcessor - [start,351] - Starting beans in phase 2147483647
14:52:16.652 [main] INFO  o.s.s.q.SchedulerFactoryBean - [startScheduler,700] - Starting Quartz Scheduler now
14:52:16.652 [main] INFO  o.q.c.QuartzScheduler - [start,575] - Scheduler schedulerFactoryBean_$_NON_CLUSTERED started.
14:52:16.657 [main] INFO  o.s.s.a.ScheduledAnnotationBeanPostProcessor - [finishRegistration,275] - No TaskScheduler/ScheduledExecutorService bean found for scheduled processing
14:52:16.663 [main] INFO  o.a.c.h.Http11NioProtocol - [log,180] - Starting ProtocolHandler ["http-nio-8080"]
14:52:16.669 [main] INFO  o.a.t.u.n.NioSelectorPool - [log,180] - Using a shared selector for servlet write/read
14:52:16.682 [main] INFO  o.s.b.w.e.t.TomcatWebServer - [start,206] - Tomcat started on port(s): 8080 (http) with context path ''
14:52:16.685 [main] INFO  o.e.d.s.Application - [logStarted,59] - Started Application in 2.346 seconds (JVM running for 3.824)
